Wed Aug 12 15:32:28 PDT 2020
;; 2. Description: adjusted amount used
;; x1. Author: jackie
$PROBLEM    rabbit PK
$INPUT      ID TIME DV EVID MDV DOSE BW SEX HIV AMT
$DATA      simulation_df.csv IGNORE=@
$SUBROUTINE ADVAN6 TOL=5
$MODEL      NCOMP=3 COMP=(ABS,DEFDOSE) COMP=(CENTRAL,DEFOBS)
            COMP=(PERIPH)
$PK
       
TVCL = THETA(3) * EXP(ETA(2))
V  = THETA(4)

KA = THETA(5)
S2 = V
F1 = 1 

Q  = THETA(6)
V2 = THETA(7)

; Effect of HIV on CL 
HIVSTAT = 0
IF(HIV.EQ.1) HIVSTAT=1
HIVCL = 1 + HIVSTAT*THETA(8)

; Effect of WT on CL
BWCL = 1 + BW/60*(THETA(9))

CL = TVCL * HIVCL * BWCL
KE = CL/V

$DES      
DADT(1)=-KA*A(1)
DADT(2)= KA*A(1)-KE*A(2) -Q/V2*A(2) + Q/V2*A(3)
DADT(3)= KA*A(1)-KE*A(2) +Q/V2*A(2) - Q/V2*A(3)

$ERROR         

IPRED=A(2)/V

WA=THETA(1) * EXP(ETA(1))
WP=THETA(2)
W = SQRT(WA**2+(WP*IPRED)**2)
IRES=DV-IPRED
IWRES=IRES/W
Y = IPRED + W*EPS(1)

$THETA  0 FIX ; 1 Additive Error
 (0,0.1) FIX ; 2 Proportional Error
 (0,35) FIX ; 3 CL L/h
 (0,500) FIX ; 4 V L
 (0,1) FIX ; 5 KA 1/h
 (0,0.01) FIX ; 6 Q
 (0,100) FIX ; 7 V2
 0.25 FIX ; 8 effect of HIV
 0.05 FIX ; 9 effect of BW
$OMEGA  0  FIX  ; 1 Additive Error_
 0.08  FIX  ;   2 IIV CL
$SIGMA  1  FIX
$SIMULATION (12345) (54321) ONLYSIM NSUB=1
;$ESTIMATION METHOD=1 INTERACTION PRINT=5 SIG=3 MAXEVAL=9999 NOABORT

;$COVARIANCE UNCONDITIONAL 
$TABLE      ID TIME IPRED PRED DV AMT DOSE BW SEX HIV WRES IWRES CWRES
            EVID FILE=sdtab01 NOPRINT ONEHEADER
$TABLE      ID CL V KA KE FILE=patab01 NOPRINT ONEHEADER


NM-TRAN MESSAGES
  
 WARNINGS AND ERRORS (IF ANY) FOR PROBLEM    1
             
 (WARNING  2) NM-TRAN INFERS THAT THE DATA ARE POPULATION.

License Registered to: UCSF
Expiration Date:    14 APR 2021
Current Date:       12 AUG 2020
Days until program expires : 247
1NONLINEAR MIXED EFFECTS MODEL PROGRAM (NONMEM) VERSION 7.4.2
 ORIGINALLY DEVELOPED BY STUART BEAL, LEWIS SHEINER, AND ALISON BOECKMANN
 CURRENT DEVELOPERS ARE ROBERT BAUER, ICON DEVELOPMENT SOLUTIONS,
 AND ALISON BOECKMANN. IMPLEMENTATION, EFFICIENCY, AND STANDARDIZATION
 PERFORMED BY NOUS INFOSYSTEMS.

 PROBLEM NO.:         1
 rabbit PK
0DATA CHECKOUT RUN:              NO
 DATA SET LOCATED ON UNIT NO.:    2
 THIS UNIT TO BE REWOUND:        NO
 NO. OF DATA RECS IN DATA SET:     6300
 NO. OF DATA ITEMS IN DATA SET:  10
 ID DATA ITEM IS DATA ITEM NO.:   1
 DEP VARIABLE IS DATA ITEM NO.:   3
 MDV DATA ITEM IS DATA ITEM NO.:  5
0INDICES PASSED TO SUBROUTINE PRED:
   4   2  10   0   0   0   0   0   0   0   0
0LABELS FOR DATA ITEMS:
 ID TIME DV EVID MDV DOSE BW SEX HIV AMT
0(NONBLANK) LABELS FOR PRED-DEFINED ITEMS:
 V KA CL KE IPRED IWRES
0FORMAT FOR DATA:
 (E4.0,E3.0,3E2.0,E4.0,E17.0,2E2.0,E4.0)

 TOT. NO. OF OBS RECS:     5400
 TOT. NO. OF INDIVIDUALS:      900
0LENGTH OF THETA:   9
0DEFAULT THETA BOUNDARY TEST OMITTED:    NO
0OMEGA HAS SIMPLE DIAGONAL FORM WITH DIMENSION:   2
0DEFAULT OMEGA BOUNDARY TEST OMITTED:    NO
0SIGMA HAS SIMPLE DIAGONAL FORM WITH DIMENSION:   1
0DEFAULT SIGMA BOUNDARY TEST OMITTED:    NO
0INITIAL ESTIMATE OF THETA:
 LOWER BOUND    INITIAL EST    UPPER BOUND
  0.0000E+00     0.0000E+00     0.0000E+00
  0.1000E+00     0.1000E+00     0.1000E+00
  0.3500E+02     0.3500E+02     0.3500E+02
  0.5000E+03     0.5000E+03     0.5000E+03
  0.1000E+01     0.1000E+01     0.1000E+01
  0.1000E-01     0.1000E-01     0.1000E-01
  0.1000E+03     0.1000E+03     0.1000E+03
  0.2500E+00     0.2500E+00     0.2500E+00
  0.5000E-01     0.5000E-01     0.5000E-01
0INITIAL ESTIMATE OF OMEGA:
 0.0000E+00
 0.0000E+00   0.8000E-01
0OMEGA CONSTRAINED TO BE THIS INITIAL ESTIMATE
0INITIAL ESTIMATE OF SIGMA:
 0.1000E+01
0SIGMA CONSTRAINED TO BE THIS INITIAL ESTIMATE
0SIMULATION STEP OMITTED:    NO
 OBJ FUNC EVALUATED:         NO
 ORIGINAL DATA USED ON EACH NEW SIMULATION:         NO
 SEEDS RESET ON EACH NEW SUPERSET ITERATION:        YES
0SIMULATION RANDOM METHOD SELECTED (RANMETHOD): 4U
SEED   1 RESET TO INITIAL: YES
 SOURCE   1:
   SEED1:         12345   SEED2:             0   PSEUDO-NORMAL
SEED   2 RESET TO INITIAL: YES
 SOURCE   2:
   SEED1:         54321   SEED2:             0   PSEUDO-NORMAL
 NUMBER OF SUBPROBLEMS:    1
0TABLES STEP OMITTED:    NO
 NO. OF TABLES:           2
 SEED NUMBER (SEED):    11456
 RANMETHOD:             3U
 MC SAMPLES (ESAMPLE):    300
 WRES SQUARE ROOT TYPE (WRESCHOL): EIGENVALUE
0-- TABLE   1 --
0RECORDS ONLY:    ALL
04 COLUMNS APPENDED:    YES
 PRINTED:                NO
 HEADERS:               ONE
 FILE TO BE FORWARDED:   NO
 FORMAT:                S1PE11.4
 LFORMAT:
 RFORMAT:
 FIXED_EFFECT_ETAS:
0USER-CHOSEN ITEMS:
 ID TIME IPRED DV AMT DOSE BW SEX HIV IWRES CWRES EVID
0-- TABLE   2 --
0RECORDS ONLY:    ALL
04 COLUMNS APPENDED:    YES
 PRINTED:                NO
 HEADERS:               ONE
 FILE TO BE FORWARDED:   NO
 FORMAT:                S1PE11.4
 LFORMAT:
 RFORMAT:
 FIXED_EFFECT_ETAS:
0USER-CHOSEN ITEMS:
 ID CL V KA KE
1DOUBLE PRECISION PREDPP VERSION 7.4.2

 GENERAL NONLINEAR KINETICS MODEL (DVERK1, ADVAN6)
0MODEL SUBROUTINE USER-SUPPLIED - ID NO. 9999
0MAXIMUM NO. OF BASIC PK PARAMETERS:   4
0COMPARTMENT ATTRIBUTES
 COMPT. NO.   FUNCTION   INITIAL    ON/OFF      DOSE      DEFAULT    DEFAULT
                         STATUS     ALLOWED    ALLOWED    FOR DOSE   FOR OBS.
    1         ABS          ON         YES        YES        YES        NO
    2         CENTRAL      ON         YES        YES        NO         YES
    3         PERIPH       ON         YES        YES        NO         NO
    4         OUTPUT       OFF        YES        NO         NO         NO
 INITIAL (BASE) TOLERANCE SETTINGS:
 NRD (RELATIVE) VALUE OF TOLERANCE:   5
 ANRD (ABSOLUTE) VALUE OF TOLERANCE:  12
1
 ADDITIONAL PK PARAMETERS - ASSIGNMENT OF ROWS IN GG
 COMPT. NO.                             INDICES
              SCALE      BIOAVAIL.   ZERO-ORDER  ZERO-ORDER  ABSORB
                         FRACTION    RATE        DURATION    LAG
    1            *           6           *           *           *
    2            5           *           *           *           *
    3            *           *           *           *           *
    4            *           -           -           -           -
             - PARAMETER IS NOT ALLOWED FOR THIS MODEL
             * PARAMETER IS NOT SUPPLIED BY PK SUBROUTINE;
               WILL DEFAULT TO ONE IF APPLICABLE
0DATA ITEM INDICES USED BY PRED ARE:
   EVENT ID DATA ITEM IS DATA ITEM NO.:      4
   TIME DATA ITEM IS DATA ITEM NO.:          2
   DOSE AMOUNT DATA ITEM IS DATA ITEM NO.:  10

0PK SUBROUTINE CALLED WITH EVERY EVENT RECORD.
 PK SUBROUTINE NOT CALLED AT NONEVENT (ADDITIONAL OR LAGGED) DOSE TIMES.
0ERROR SUBROUTINE CALLED WITH EVERY EVENT RECORD.
0ERROR SUBROUTINE INDICATES THAT DERIVATIVES OF COMPARTMENT AMOUNTS ARE USED.
0DES SUBROUTINE USES COMPACT STORAGE MODE.
 TOLERANCES FOR SIMULATION STEP:
 NRD (RELATIVE) VALUE OF TOLERANCE:   5
 ANRD (ABSOLUTE) VALUE OF TOLERANCE:  12
 TOLERANCES FOR TABLE/SCATTER STEP:
 NRD (RELATIVE) VALUE OF TOLERANCE:   5
 ANRD (ABSOLUTE) VALUE OF TOLERANCE:  12
1
 PROBLEM NO.:           1      SUBPROBLEM NO.:           1

 SIMULATION STEP PERFORMED
 SOURCE  1:
    SEED1:    2124312287   SEED2:             0
 SOURCE  2:
    SEED1:         54321   SEED2:             0
 Elapsed simulation  time in seconds:     0.04
 ESTIMATION STEP OMITTED:                 YES
 Elapsed finaloutput time in seconds:     0.33
 #CPUT: Total CPU Time in Seconds,        0.497
Stop Time:
Wed Aug 12 15:32:35 PDT 2020
